<?xml version="1.0" encoding="UTF-8"?>
<testsuite xmlns:xsi="http://www.w3.org/2001/XMLSchema-instance" xsi:noNamespaceSchemaLocation="https://maven.apache.org/surefire/maven-surefire-plugin/xsd/surefire-test-report-3.0.xsd" version="3.0" name="TestSuite" time="15.41" tests="4" errors="0" skipped="0" failures="0">
  <properties>
[...]
</properties>
  <testcase name="BrowserAutomation" classname="qaclickacademy.SeleniumTest" time="0.004">
    <system-out><![CDATA[BrowserAutomation
]]></system-out>
  </testcase>
  <testcase name="elementsUi" classname="qaclickacademy.SeleniumTest" time="0">
    <system-out><![CDATA[elementsUi
]]></system-out>
  </testcase>
  <testcase name="deleteTwitter" classname="qaclickacademy.RESTAPITest" time="0">
    <system-out><![CDATA[deleteTwitter
]]></system-out>
  </testcase>
  <testcase name="postJira" classname="qaclickacademy.RESTAPITest" time="0">
    <system-out><![CDATA[postJira
]]></system-out>
  </testcase>
</testsuite>