<?xml version="1.0" encoding="UTF-8"?>
<testng-results skipped="0" failed="0" ignored="0" total="4" passed="4">
  <reporter-output>
  </reporter-output>
  <suite name="Suite" duration-ms="41" started-at="2021-10-22T15:28:21 EEST" finished-at="2021-10-22T15:28:21 EEST">
    <groups>
    </groups>
    <test name="Test" duration-ms="41" started-at="2021-10-22T15:28:21 EEST" finished-at="2021-10-22T15:28:21 EEST">
      <class name="qaclickacademy.RESTAPITest">
        <test-method status="PASS" signature="deleteTwitter()[pri:0, instance:qaclickacademy.RESTAPITest@1563da5]" name="deleteTwitter" duration-ms="0" started-at="2021-10-22T15:28:21 EEST" finished-at="2021-10-22T15:28:21 EEST">
          <reporter-output>
          </reporter-output>
        </test-method> <!-- deleteTwitter -->
        <test-method status="PASS" signature="postJira()[pri:0, instance:qaclickacademy.RESTAPITest@1563da5]" name="postJira" duration-ms="0" started-at="2021-10-22T15:28:21 EEST" finished-at="2021-10-22T15:28:21 EEST">
          <reporter-output>
          </reporter-output>
        </test-method> <!-- postJira -->
      </class> <!-- qaclickacademy.RESTAPITest -->
      <class name="qaclickacademy.SeleniumTest">
        <test-method status="PASS" signature="BrowserAutomation()[pri:0, instance:qaclickacademy.SeleniumTest@6ee52dcd]" name="BrowserAutomation" duration-ms="4" started-at="2021-10-22T15:28:21 EEST" finished-at="2021-10-22T15:28:21 EEST">
          <reporter-output>
          </reporter-output>
        </test-method> <!-- BrowserAutomation -->
        <test-method status="PASS" signature="elementsUi()[pri:0, instance:qaclickacademy.SeleniumTest@6ee52dcd]" name="elementsUi" duration-ms="1" started-at="2021-10-22T15:28:21 EEST" finished-at="2021-10-22T15:28:21 EEST">
          <reporter-output>
          </reporter-output>
        </test-method> <!-- elementsUi -->
      </class> <!-- qaclickacademy.SeleniumTest -->
    </test> <!-- Test -->
  </suite> <!-- Suite -->
</testng-results>
